[2022-11-28T07:35:44.734+0000] {processor.py:154} INFO - Started process (PID=43) to work on /opt/airflow/dags/dag_predict_proccess.py
[2022-11-28T07:35:44.760+0000] {processor.py:756} INFO - Processing file /opt/airflow/dags/dag_predict_proccess.py for tasks to queue
[2022-11-28T07:35:44.766+0000] {logging_mixin.py:137} INFO - [2022-11-28T07:35:44.766+0000] {dagbag.py:537} INFO - Filling up the DagBag from /opt/airflow/dags/dag_predict_proccess.py
[2022-11-28T07:35:57.900+0000] {logging_mixin.py:137} INFO - [2022-11-28T07:35:57.876+0000] {__init__.py:492} WARNING - Matplotlib created a temporary config/cache directory at /tmp/matplotlib-qqx2c9xa because the default path (/home/airflow/.cache/matplotlib) is not a writable directory; it is highly recommended to set the MPLCONFIGDIR environment variable to a writable directory, in particular to speed up the import of Matplotlib and to better support multiprocessing.
[2022-11-28T07:35:58.487+0000] {logging_mixin.py:137} INFO - [2022-11-28T07:35:58.487+0000] {font_manager.py:1443} INFO - generated new fontManager
[2022-11-28T07:36:00.320+0000] {processor.py:766} INFO - DAG(s) dict_keys(['data_predict_dag']) retrieved from /opt/airflow/dags/dag_predict_proccess.py
[2022-11-28T07:36:01.032+0000] {logging_mixin.py:137} INFO - [2022-11-28T07:36:01.020+0000] {dag.py:2585} INFO - Sync 1 DAGs
[2022-11-28T07:36:01.112+0000] {logging_mixin.py:137} INFO - [2022-11-28T07:36:01.111+0000] {dag.py:3340} INFO - Setting next_dagrun for data_predict_dag to 2022-11-27T00:00:00+00:00, run_after=2022-11-28T00:00:00+00:00
[2022-11-28T07:36:01.230+0000] {processor.py:176} INFO - Processing /opt/airflow/dags/dag_predict_proccess.py took 16.527 seconds
[2022-11-28T07:36:33.066+0000] {processor.py:154} INFO - Started process (PID=77) to work on /opt/airflow/dags/dag_predict_proccess.py
[2022-11-28T07:36:33.074+0000] {processor.py:756} INFO - Processing file /opt/airflow/dags/dag_predict_proccess.py for tasks to queue
[2022-11-28T07:36:33.106+0000] {logging_mixin.py:137} INFO - [2022-11-28T07:36:33.106+0000] {dagbag.py:537} INFO - Filling up the DagBag from /opt/airflow/dags/dag_predict_proccess.py
[2022-11-28T07:36:42.149+0000] {logging_mixin.py:137} INFO - [2022-11-28T07:36:42.149+0000] {__init__.py:492} WARNING - Matplotlib created a temporary config/cache directory at /tmp/matplotlib-ddnpp2im because the default path (/home/airflow/.cache/matplotlib) is not a writable directory; it is highly recommended to set the MPLCONFIGDIR environment variable to a writable directory, in particular to speed up the import of Matplotlib and to better support multiprocessing.
[2022-11-28T07:36:42.372+0000] {logging_mixin.py:137} INFO - [2022-11-28T07:36:42.371+0000] {font_manager.py:1443} INFO - generated new fontManager
[2022-11-28T07:36:42.946+0000] {processor.py:766} INFO - DAG(s) dict_keys(['data_predict_dag']) retrieved from /opt/airflow/dags/dag_predict_proccess.py
[2022-11-28T07:36:43.024+0000] {logging_mixin.py:137} INFO - [2022-11-28T07:36:43.023+0000] {dag.py:2585} INFO - Sync 1 DAGs
[2022-11-28T07:36:43.130+0000] {logging_mixin.py:137} INFO - [2022-11-28T07:36:43.129+0000] {dag.py:3340} INFO - Setting next_dagrun for data_predict_dag to 2022-11-28T00:00:00+00:00, run_after=2022-11-29T00:00:00+00:00
[2022-11-28T07:36:43.206+0000] {processor.py:176} INFO - Processing /opt/airflow/dags/dag_predict_proccess.py took 10.215 seconds
[2022-11-28T07:37:14.934+0000] {processor.py:154} INFO - Started process (PID=107) to work on /opt/airflow/dags/dag_predict_proccess.py
[2022-11-28T07:37:14.945+0000] {processor.py:756} INFO - Processing file /opt/airflow/dags/dag_predict_proccess.py for tasks to queue
[2022-11-28T07:37:14.948+0000] {logging_mixin.py:137} INFO - [2022-11-28T07:37:14.948+0000] {dagbag.py:537} INFO - Filling up the DagBag from /opt/airflow/dags/dag_predict_proccess.py
[2022-11-28T07:37:29.607+0000] {logging_mixin.py:137} INFO - [2022-11-28T07:37:29.606+0000] {__init__.py:492} WARNING - Matplotlib created a temporary config/cache directory at /tmp/matplotlib-7yzmqjv9 because the default path (/home/airflow/.cache/matplotlib) is not a writable directory; it is highly recommended to set the MPLCONFIGDIR environment variable to a writable directory, in particular to speed up the import of Matplotlib and to better support multiprocessing.
[2022-11-28T07:37:29.919+0000] {logging_mixin.py:137} INFO - [2022-11-28T07:37:29.918+0000] {font_manager.py:1443} INFO - generated new fontManager
[2022-11-28T07:37:30.313+0000] {processor.py:766} INFO - DAG(s) dict_keys(['data_predict_dag']) retrieved from /opt/airflow/dags/dag_predict_proccess.py
[2022-11-28T07:37:30.405+0000] {logging_mixin.py:137} INFO - [2022-11-28T07:37:30.404+0000] {dag.py:2585} INFO - Sync 1 DAGs
[2022-11-28T07:37:30.447+0000] {logging_mixin.py:137} INFO - [2022-11-28T07:37:30.447+0000] {dag.py:3340} INFO - Setting next_dagrun for data_predict_dag to 2022-11-28T00:00:00+00:00, run_after=2022-11-29T00:00:00+00:00
[2022-11-28T07:37:30.468+0000] {processor.py:176} INFO - Processing /opt/airflow/dags/dag_predict_proccess.py took 15.557 seconds
[2022-11-28T07:38:03.968+0000] {processor.py:154} INFO - Started process (PID=134) to work on /opt/airflow/dags/dag_predict_proccess.py
[2022-11-28T07:38:03.997+0000] {processor.py:756} INFO - Processing file /opt/airflow/dags/dag_predict_proccess.py for tasks to queue
[2022-11-28T07:38:04.031+0000] {logging_mixin.py:137} INFO - [2022-11-28T07:38:04.010+0000] {dagbag.py:537} INFO - Filling up the DagBag from /opt/airflow/dags/dag_predict_proccess.py
[2022-11-28T07:38:35.816+0000] {logging_mixin.py:137} INFO - [2022-11-28T07:38:34.067+0000] {timeout.py:68} ERROR - Process timed out, PID: 134
[2022-11-28T07:39:23.742+0000] {processor.py:154} INFO - Started process (PID=172) to work on /opt/airflow/dags/dag_predict_proccess.py
[2022-11-28T07:39:23.861+0000] {processor.py:756} INFO - Processing file /opt/airflow/dags/dag_predict_proccess.py for tasks to queue
[2022-11-28T07:39:24.197+0000] {logging_mixin.py:137} INFO - [2022-11-28T07:39:24.108+0000] {dagbag.py:537} INFO - Filling up the DagBag from /opt/airflow/dags/dag_predict_proccess.py
[2022-11-28T07:41:47.454+0000] {logging_mixin.py:137} INFO - [2022-11-28T07:41:46.802+0000] {timeout.py:68} ERROR - Process timed out, PID: 172
[2022-11-28T07:42:01.712+0000] {logging_mixin.py:137} INFO - [2022-11-28T07:41:51.410+0000] {dagbag.py:342} ERROR - Failed to import: /opt/airflow/dags/dag_predict_proccess.py
Traceback (most recent call last):
  File "/home/airflow/.local/lib/python3.7/site-packages/airflow/models/dagbag.py", line 338, in parse
    loader.exec_module(new_module)
  File "<frozen importlib._bootstrap_external>", line 728, in exec_module
  File "<frozen importlib._bootstrap>", line 219, in _call_with_frames_removed
  File "/opt/airflow/dags/dag_predict_proccess.py", line 3, in <module>
    from packages.predicting_process import predictor
  File "/opt/airflow/dags/packages/predicting_process.py", line 1, in <module>
    import pandas as pd
  File "/home/airflow/.local/lib/python3.7/site-packages/pandas/__init__.py", line 22, in <module>
    from pandas.compat import (
  File "/home/airflow/.local/lib/python3.7/site-packages/pandas/compat/__init__.py", line 15, in <module>
    from pandas.compat.numpy import (
  File "/home/airflow/.local/lib/python3.7/site-packages/pandas/compat/numpy/__init__.py", line 7, in <module>
    from pandas.util.version import Version
  File "/home/airflow/.local/lib/python3.7/site-packages/pandas/util/__init__.py", line 1, in <module>
    from pandas.util._decorators import (  # noqa
  File "/home/airflow/.local/lib/python3.7/site-packages/pandas/util/_decorators.py", line 14, in <module>
    from pandas._libs.properties import cache_readonly  # noqa
  File "/home/airflow/.local/lib/python3.7/site-packages/pandas/_libs/__init__.py", line 13, in <module>
    from pandas._libs.interval import Interval
  File "pandas/_libs/interval.pyx", line 1, in init pandas._libs.interval
  File "pandas/_libs/hashtable.pyx", line 1, in init pandas._libs.hashtable
  File "pandas/_libs/missing.pyx", line 1, in init pandas._libs.missing
  File "/home/airflow/.local/lib/python3.7/site-packages/pandas/_libs/tslibs/__init__.py", line 31, in <module>
    from pandas._libs.tslibs.conversion import (
  File "pandas/_libs/tslibs/conversion.pyx", line 1, in init pandas._libs.tslibs.conversion
  File "<frozen importlib._bootstrap>", line 416, in parent
  File "/home/airflow/.local/lib/python3.7/site-packages/airflow/utils/timeout.py", line 69, in handle_timeout
    raise AirflowTaskTimeout(self.error_message)
airflow.exceptions.AirflowTaskTimeout: DagBag import timeout for /opt/airflow/dags/dag_predict_proccess.py after 30.0s.
Please take a look at these docs to improve your DAG import time:
* https://airflow.apache.org/docs/apache-airflow/2.4.3/best-practices.html#top-level-python-code
* https://airflow.apache.org/docs/apache-airflow/2.4.3/best-practices.html#reducing-dag-complexity, PID: 172
[2022-11-28T07:42:11.362+0000] {processor.py:768} WARNING - No viable dags retrieved from /opt/airflow/dags/dag_predict_proccess.py
[2022-11-28T07:43:33.622+0000] {processor.py:154} INFO - Started process (PID=214) to work on /opt/airflow/dags/dag_predict_proccess.py
[2022-11-28T07:43:34.312+0000] {processor.py:756} INFO - Processing file /opt/airflow/dags/dag_predict_proccess.py for tasks to queue
[2022-11-28T07:43:34.726+0000] {logging_mixin.py:137} INFO - [2022-11-28T07:43:34.696+0000] {dagbag.py:537} INFO - Filling up the DagBag from /opt/airflow/dags/dag_predict_proccess.py
[2022-11-28T13:03:43.276+0000] {processor.py:154} INFO - Started process (PID=291) to work on /opt/airflow/dags/dag_predict_proccess.py
[2022-11-28T13:03:46.419+0000] {processor.py:756} INFO - Processing file /opt/airflow/dags/dag_predict_proccess.py for tasks to queue
[2022-11-28T13:03:54.029+0000] {logging_mixin.py:137} INFO - [2022-11-28T13:03:50.424+0000] {dagbag.py:537} INFO - Filling up the DagBag from /opt/airflow/dags/dag_predict_proccess.py
[2022-11-28T13:04:35.958+0000] {logging_mixin.py:137} INFO - [2022-11-28T13:04:30.770+0000] {timeout.py:68} ERROR - Process timed out, PID: 291
[2022-11-28T13:04:44.704+0000] {logging_mixin.py:137} INFO - [2022-11-28T13:04:40.015+0000] {dagbag.py:342} ERROR - Failed to import: /opt/airflow/dags/dag_predict_proccess.py
Traceback (most recent call last):
  File "<frozen importlib._bootstrap_external>", line 87, in _path_is_mode_type
  File "<frozen importlib._bootstrap_external>", line 81, in _path_stat
FileNotFoundError: [Errno 2] No such file or directory: '/opt/airflow/dags/packages/__init__.cpython-37m-aarch64-linux-gnu.so'

During handling of the above exception, another exception occurred:

Traceback (most recent call last):
  File "/home/airflow/.local/lib/python3.7/site-packages/airflow/models/dagbag.py", line 338, in parse
    loader.exec_module(new_module)
  File "<frozen importlib._bootstrap_external>", line 728, in exec_module
  File "<frozen importlib._bootstrap>", line 219, in _call_with_frames_removed
  File "/opt/airflow/dags/dag_predict_proccess.py", line 3, in <module>
    from packages.predicting_process import predictor
  File "<frozen importlib._bootstrap>", line 983, in _find_and_load
  File "<frozen importlib._bootstrap>", line 963, in _find_and_load_unlocked
  File "<frozen importlib._bootstrap>", line 906, in _find_spec
  File "<frozen importlib._bootstrap_external>", line 1280, in find_spec
  File "<frozen importlib._bootstrap_external>", line 1252, in _get_spec
  File "<frozen importlib._bootstrap_external>", line 1383, in find_spec
  File "<frozen importlib._bootstrap_external>", line 95, in _path_isfile
  File "<frozen importlib._bootstrap_external>", line 87, in _path_is_mode_type
  File "/home/airflow/.local/lib/python3.7/site-packages/airflow/utils/timeout.py", line 69, in handle_timeout
    raise AirflowTaskTimeout(self.error_message)
airflow.exceptions.AirflowTaskTimeout: DagBag import timeout for /opt/airflow/dags/dag_predict_proccess.py after 30.0s.
Please take a look at these docs to improve your DAG import time:
* https://airflow.apache.org/docs/apache-airflow/2.4.3/best-practices.html#top-level-python-code
* https://airflow.apache.org/docs/apache-airflow/2.4.3/best-practices.html#reducing-dag-complexity, PID: 291
[2022-11-28T13:04:46.638+0000] {processor.py:768} WARNING - No viable dags retrieved from /opt/airflow/dags/dag_predict_proccess.py
